
####DATA PREPERATION####


####EVALUATION OF THE FINETUNED MODEL STARTED####

['Q', 'I', 'S', 'K', 'L', 'P', 'Z', 'D', 'F', 'R', 'Y', '|', 'W', 'T', 'N', 'E', 'H', 'C', 'U', 'B', 'O', "'", 'J', 'A', 'M', 'V', 'G', 'X', '<s>', '</s>', '<unk>', '<pad>']
Initial column names: 
 {'test': ['text', 'path', 'audio']}
Column names after batch preperation: 
 {'test': ['input_values', 'labels']}
results column names:: 
 ['pred_str', 'text']
Test WER: 0.134
large_3e5/checkpoint-10000 test_clean MyST10h_4gram.arpa

####DATA PREPERATION####


####EVALUATION OF THE FINETUNED MODEL STARTED####

['Q', 'I', 'S', 'K', 'L', 'P', 'Z', 'D', 'F', 'R', 'Y', '|', 'W', 'T', 'N', 'E', 'H', 'C', 'U', 'B', 'O', "'", 'J', 'A', 'M', 'V', 'G', 'X', '<s>', '</s>', '<unk>', '<pad>']
Initial column names: 
 {'test': ['text', 'path', 'audio']}
Column names after batch preperation: 
 {'test': ['input_values', 'labels']}
results column names:: 
 ['pred_str', 'text']
Test WER: 0.130
large_3e5/checkpoint-10000 test_clean MyST_full_4gram.arpa

####DATA PREPERATION####


####EVALUATION OF THE FINETUNED MODEL STARTED####

['Q', 'I', 'S', 'K', 'L', 'P', 'Z', 'D', 'F', 'R', 'Y', '|', 'W', 'T', 'N', 'E', 'H', 'C', 'U', 'B', 'O', "'", 'J', 'A', 'M', 'V', 'G', 'X', '<s>', '</s>', '<unk>', '<pad>']
Initial column names: 
 {'test': ['text', 'path', 'audio']}
Column names after batch preperation: 
 {'test': ['input_values', 'labels']}
results column names:: 
 ['pred_str', 'text']
Test WER: 0.187
large_3e5/checkpoint-10000 test_other MyST10h_4gram.arpa

####DATA PREPERATION####


####EVALUATION OF THE FINETUNED MODEL STARTED####

['Q', 'I', 'S', 'K', 'L', 'P', 'Z', 'D', 'F', 'R', 'Y', '|', 'W', 'T', 'N', 'E', 'H', 'C', 'U', 'B', 'O', "'", 'J', 'A', 'M', 'V', 'G', 'X', '<s>', '</s>', '<unk>', '<pad>']
Initial column names: 
 {'test': ['text', 'path', 'audio']}
Column names after batch preperation: 
 {'test': ['input_values', 'labels']}
results column names:: 
 ['pred_str', 'text']
Test WER: 0.183
large_3e5/checkpoint-10000 test_other MyST_full_4gram.arpa

####DATA PREPERATION####


####EVALUATION OF THE FINETUNED MODEL STARTED####

['Q', 'I', 'S', 'K', 'L', 'P', 'Z', 'D', 'F', 'R', 'Y', '|', 'W', 'T', 'N', 'E', 'H', 'C', 'U', 'B', 'O', "'", 'J', 'A', 'M', 'V', 'G', 'X', '<s>', '</s>', '<unk>', '<pad>']
Initial column names: 
 {'test': ['text', 'path', 'audio']}
Column names after batch preperation: 
 {'test': ['input_values', 'labels']}
results column names:: 
 ['pred_str', 'text']
Test WER: 0.135
large_3e5/checkpoint-10000 dev_clean MyST10h_4gram.arpa

####DATA PREPERATION####


####EVALUATION OF THE FINETUNED MODEL STARTED####

['Q', 'I', 'S', 'K', 'L', 'P', 'Z', 'D', 'F', 'R', 'Y', '|', 'W', 'T', 'N', 'E', 'H', 'C', 'U', 'B', 'O', "'", 'J', 'A', 'M', 'V', 'G', 'X', '<s>', '</s>', '<unk>', '<pad>']
Initial column names: 
 {'test': ['text', 'path', 'audio']}
Column names after batch preperation: 
 {'test': ['input_values', 'labels']}
results column names:: 
 ['pred_str', 'text']
Test WER: 0.131
large_3e5/checkpoint-10000 dev_clean MyST_full_4gram.arpa

####DATA PREPERATION####


####EVALUATION OF THE FINETUNED MODEL STARTED####

['Q', 'I', 'S', 'K', 'L', 'P', 'Z', 'D', 'F', 'R', 'Y', '|', 'W', 'T', 'N', 'E', 'H', 'C', 'U', 'B', 'O', "'", 'J', 'A', 'M', 'V', 'G', 'X', '<s>', '</s>', '<unk>', '<pad>']
Initial column names: 
 {'test': ['text', 'path', 'audio']}
Column names after batch preperation: 
 {'test': ['input_values', 'labels']}
results column names:: 
 ['pred_str', 'text']
Test WER: 0.188
large_3e5/checkpoint-10000 dev_other MyST10h_4gram.arpa

####DATA PREPERATION####


####EVALUATION OF THE FINETUNED MODEL STARTED####

['Q', 'I', 'S', 'K', 'L', 'P', 'Z', 'D', 'F', 'R', 'Y', '|', 'W', 'T', 'N', 'E', 'H', 'C', 'U', 'B', 'O', "'", 'J', 'A', 'M', 'V', 'G', 'X', '<s>', '</s>', '<unk>', '<pad>']
Initial column names: 
 {'test': ['text', 'path', 'audio']}
Column names after batch preperation: 
 {'test': ['input_values', 'labels']}
results column names:: 
 ['pred_str', 'text']
Test WER: 0.185
large_3e5/checkpoint-10000 dev_other MyST_full_4gram.arpa

####DATA PREPERATION####


####EVALUATION OF THE FINETUNED MODEL STARTED####

['E', 'O', 'K', 'H', 'G', 'Y', 'B', 'Q', 'M', 'Z', 'P', 'T', 'I', 'A', 'V', 'L', 'W', 'J', 'F', '|', 'R', 'N', 'S', 'X', "'", 'D', 'U', 'C', '<s>', '</s>', '<unk>', '<pad>']
Initial column names: 
 {'test': ['text', 'path', 'audio']}
Column names after batch preperation: 
 {'test': ['input_values', 'labels']}
results column names:: 
 ['pred_str', 'text']
Test WER: 0.140
large_5e5/checkpoint-10000 test_clean MyST10h_4gram.arpa

####DATA PREPERATION####


####EVALUATION OF THE FINETUNED MODEL STARTED####

['E', 'O', 'K', 'H', 'G', 'Y', 'B', 'Q', 'M', 'Z', 'P', 'T', 'I', 'A', 'V', 'L', 'W', 'J', 'F', '|', 'R', 'N', 'S', 'X', "'", 'D', 'U', 'C', '<s>', '</s>', '<unk>', '<pad>']
Initial column names: 
 {'test': ['text', 'path', 'audio']}
Column names after batch preperation: 
 {'test': ['input_values', 'labels']}
results column names:: 
 ['pred_str', 'text']
Test WER: 0.135
large_5e5/checkpoint-10000 test_clean MyST_full_4gram.arpa

####DATA PREPERATION####


####EVALUATION OF THE FINETUNED MODEL STARTED####

['E', 'O', 'K', 'H', 'G', 'Y', 'B', 'Q', 'M', 'Z', 'P', 'T', 'I', 'A', 'V', 'L', 'W', 'J', 'F', '|', 'R', 'N', 'S', 'X', "'", 'D', 'U', 'C', '<s>', '</s>', '<unk>', '<pad>']
Initial column names: 
 {'test': ['text', 'path', 'audio']}
Column names after batch preperation: 
 {'test': ['input_values', 'labels']}
results column names:: 
 ['pred_str', 'text']
Test WER: 0.197
large_5e5/checkpoint-10000 test_other MyST10h_4gram.arpa

####DATA PREPERATION####


####EVALUATION OF THE FINETUNED MODEL STARTED####

['E', 'O', 'K', 'H', 'G', 'Y', 'B', 'Q', 'M', 'Z', 'P', 'T', 'I', 'A', 'V', 'L', 'W', 'J', 'F', '|', 'R', 'N', 'S', 'X', "'", 'D', 'U', 'C', '<s>', '</s>', '<unk>', '<pad>']
Initial column names: 
 {'test': ['text', 'path', 'audio']}
Column names after batch preperation: 
 {'test': ['input_values', 'labels']}
results column names:: 
 ['pred_str', 'text']
Test WER: 0.192
large_5e5/checkpoint-10000 test_other MyST_full_4gram.arpa

####DATA PREPERATION####


####EVALUATION OF THE FINETUNED MODEL STARTED####

['E', 'O', 'K', 'H', 'G', 'Y', 'B', 'Q', 'M', 'Z', 'P', 'T', 'I', 'A', 'V', 'L', 'W', 'J', 'F', '|', 'R', 'N', 'S', 'X', "'", 'D', 'U', 'C', '<s>', '</s>', '<unk>', '<pad>']
Initial column names: 
 {'test': ['text', 'path', 'audio']}
Column names after batch preperation: 
 {'test': ['input_values', 'labels']}
results column names:: 
 ['pred_str', 'text']
Test WER: 0.139
large_5e5/checkpoint-10000 dev_clean MyST10h_4gram.arpa

####DATA PREPERATION####


####EVALUATION OF THE FINETUNED MODEL STARTED####

['E', 'O', 'K', 'H', 'G', 'Y', 'B', 'Q', 'M', 'Z', 'P', 'T', 'I', 'A', 'V', 'L', 'W', 'J', 'F', '|', 'R', 'N', 'S', 'X', "'", 'D', 'U', 'C', '<s>', '</s>', '<unk>', '<pad>']
Initial column names: 
 {'test': ['text', 'path', 'audio']}
Column names after batch preperation: 
 {'test': ['input_values', 'labels']}
results column names:: 
 ['pred_str', 'text']
Test WER: 0.135
large_5e5/checkpoint-10000 dev_clean MyST_full_4gram.arpa

####DATA PREPERATION####


####EVALUATION OF THE FINETUNED MODEL STARTED####

['E', 'O', 'K', 'H', 'G', 'Y', 'B', 'Q', 'M', 'Z', 'P', 'T', 'I', 'A', 'V', 'L', 'W', 'J', 'F', '|', 'R', 'N', 'S', 'X', "'", 'D', 'U', 'C', '<s>', '</s>', '<unk>', '<pad>']
Initial column names: 
 {'test': ['text', 'path', 'audio']}
Column names after batch preperation: 
 {'test': ['input_values', 'labels']}
results column names:: 
 ['pred_str', 'text']
Test WER: 0.194
large_5e5/checkpoint-10000 dev_other MyST10h_4gram.arpa

####DATA PREPERATION####


####EVALUATION OF THE FINETUNED MODEL STARTED####

['E', 'O', 'K', 'H', 'G', 'Y', 'B', 'Q', 'M', 'Z', 'P', 'T', 'I', 'A', 'V', 'L', 'W', 'J', 'F', '|', 'R', 'N', 'S', 'X', "'", 'D', 'U', 'C', '<s>', '</s>', '<unk>', '<pad>']
Initial column names: 
 {'test': ['text', 'path', 'audio']}
Column names after batch preperation: 
 {'test': ['input_values', 'labels']}
results column names:: 
 ['pred_str', 'text']
Test WER: 0.191
large_5e5/checkpoint-10000 dev_other MyST_full_4gram.arpa

####DATA PREPERATION####


####EVALUATION OF THE FINETUNED MODEL STARTED####

['Q', 'I', 'S', 'K', 'L', 'P', 'Z', 'D', 'F', 'R', 'Y', '|', 'W', 'T', 'N', 'E', 'H', 'C', 'U', 'B', 'O', "'", 'J', 'A', 'M', 'V', 'G', 'X', '<s>', '</s>', '<unk>', '<pad>']
Initial column names: 
 {'test': ['text', 'path', 'audio']}
Column names after batch preperation: 
 {'test': ['input_values', 'labels']}
results column names:: 
 ['pred_str', 'text']
Test WER: 0.177
large_3e5/checkpoint-1400 test_clean MyST10h_4gram.arpa

####DATA PREPERATION####


####EVALUATION OF THE FINETUNED MODEL STARTED####

['Q', 'I', 'S', 'K', 'L', 'P', 'Z', 'D', 'F', 'R', 'Y', '|', 'W', 'T', 'N', 'E', 'H', 'C', 'U', 'B', 'O', "'", 'J', 'A', 'M', 'V', 'G', 'X', '<s>', '</s>', '<unk>', '<pad>']
Initial column names: 
 {'test': ['text', 'path', 'audio']}
Column names after batch preperation: 
 {'test': ['input_values', 'labels']}
results column names:: 
 ['pred_str', 'text']
Test WER: 0.155
large_3e5/checkpoint-1400 test_clean MyST_full_4gram.arpa

####DATA PREPERATION####


####EVALUATION OF THE FINETUNED MODEL STARTED####

['Q', 'I', 'S', 'K', 'L', 'P', 'Z', 'D', 'F', 'R', 'Y', '|', 'W', 'T', 'N', 'E', 'H', 'C', 'U', 'B', 'O', "'", 'J', 'A', 'M', 'V', 'G', 'X', '<s>', '</s>', '<unk>', '<pad>']
Initial column names: 
 {'test': ['text', 'path', 'audio']}
Column names after batch preperation: 
 {'test': ['input_values', 'labels']}
results column names:: 
 ['pred_str', 'text']
Test WER: 0.228
large_3e5/checkpoint-1400 test_other MyST10h_4gram.arpa

####DATA PREPERATION####


####EVALUATION OF THE FINETUNED MODEL STARTED####

['Q', 'I', 'S', 'K', 'L', 'P', 'Z', 'D', 'F', 'R', 'Y', '|', 'W', 'T', 'N', 'E', 'H', 'C', 'U', 'B', 'O', "'", 'J', 'A', 'M', 'V', 'G', 'X', '<s>', '</s>', '<unk>', '<pad>']
Initial column names: 
 {'test': ['text', 'path', 'audio']}
Column names after batch preperation: 
 {'test': ['input_values', 'labels']}
results column names:: 
 ['pred_str', 'text']
Test WER: 0.209
large_3e5/checkpoint-1400 test_other MyST_full_4gram.arpa

####DATA PREPERATION####


####EVALUATION OF THE FINETUNED MODEL STARTED####

['Q', 'I', 'S', 'K', 'L', 'P', 'Z', 'D', 'F', 'R', 'Y', '|', 'W', 'T', 'N', 'E', 'H', 'C', 'U', 'B', 'O', "'", 'J', 'A', 'M', 'V', 'G', 'X', '<s>', '</s>', '<unk>', '<pad>']
Initial column names: 
 {'test': ['text', 'path', 'audio']}
Column names after batch preperation: 
 {'test': ['input_values', 'labels']}
results column names:: 
 ['pred_str', 'text']
Test WER: 0.178
large_3e5/checkpoint-1400 dev_clean MyST10h_4gram.arpa

####DATA PREPERATION####


####EVALUATION OF THE FINETUNED MODEL STARTED####

['Q', 'I', 'S', 'K', 'L', 'P', 'Z', 'D', 'F', 'R', 'Y', '|', 'W', 'T', 'N', 'E', 'H', 'C', 'U', 'B', 'O', "'", 'J', 'A', 'M', 'V', 'G', 'X', '<s>', '</s>', '<unk>', '<pad>']
Initial column names: 
 {'test': ['text', 'path', 'audio']}
Column names after batch preperation: 
 {'test': ['input_values', 'labels']}
results column names:: 
 ['pred_str', 'text']
Test WER: 0.157
large_3e5/checkpoint-1400 dev_clean MyST_full_4gram.arpa

####DATA PREPERATION####


####EVALUATION OF THE FINETUNED MODEL STARTED####

['Q', 'I', 'S', 'K', 'L', 'P', 'Z', 'D', 'F', 'R', 'Y', '|', 'W', 'T', 'N', 'E', 'H', 'C', 'U', 'B', 'O', "'", 'J', 'A', 'M', 'V', 'G', 'X', '<s>', '</s>', '<unk>', '<pad>']
Initial column names: 
 {'test': ['text', 'path', 'audio']}
Column names after batch preperation: 
 {'test': ['input_values', 'labels']}
results column names:: 
 ['pred_str', 'text']
Test WER: 0.224
large_3e5/checkpoint-1400 dev_other MyST10h_4gram.arpa

####DATA PREPERATION####


####EVALUATION OF THE FINETUNED MODEL STARTED####

['Q', 'I', 'S', 'K', 'L', 'P', 'Z', 'D', 'F', 'R', 'Y', '|', 'W', 'T', 'N', 'E', 'H', 'C', 'U', 'B', 'O', "'", 'J', 'A', 'M', 'V', 'G', 'X', '<s>', '</s>', '<unk>', '<pad>']
Initial column names: 
 {'test': ['text', 'path', 'audio']}
Column names after batch preperation: 
 {'test': ['input_values', 'labels']}
results column names:: 
 ['pred_str', 'text']
Test WER: 0.207
large_3e5/checkpoint-1400 dev_other MyST_full_4gram.arpa

####DATA PREPERATION####


####EVALUATION OF THE FINETUNED MODEL STARTED####

['H', 'O', '|', 'L', 'B', 'D', 'W', 'E', 'I', 'X', 'G', 'Y', 'S', 'P', 'Q', 'A', 'M', 'T', 'Z', "'", 'V', 'U', 'N', 'J', 'R', 'F', 'C', 'K', '<s>', '</s>', '<unk>', '<pad>']
Initial column names: 
 {'test': ['text', 'path', 'audio']}
Column names after batch preperation: 
 {'test': ['input_values', 'labels']}
results column names:: 
 ['pred_str', 'text']
Test WER: 0.248
base_5e5/checkpoint-800 test_clean MyST10h_4gram.arpa

####DATA PREPERATION####


####EVALUATION OF THE FINETUNED MODEL STARTED####

['H', 'O', '|', 'L', 'B', 'D', 'W', 'E', 'I', 'X', 'G', 'Y', 'S', 'P', 'Q', 'A', 'M', 'T', 'Z', "'", 'V', 'U', 'N', 'J', 'R', 'F', 'C', 'K', '<s>', '</s>', '<unk>', '<pad>']
Initial column names: 
 {'test': ['text', 'path', 'audio']}
Column names after batch preperation: 
 {'test': ['input_values', 'labels']}
results column names:: 
 ['pred_str', 'text']
Test WER: 0.227
base_5e5/checkpoint-800 test_clean MyST_full_4gram.arpa

####DATA PREPERATION####


####EVALUATION OF THE FINETUNED MODEL STARTED####

['H', 'O', '|', 'L', 'B', 'D', 'W', 'E', 'I', 'X', 'G', 'Y', 'S', 'P', 'Q', 'A', 'M', 'T', 'Z', "'", 'V', 'U', 'N', 'J', 'R', 'F', 'C', 'K', '<s>', '</s>', '<unk>', '<pad>']
Initial column names: 
 {'test': ['text', 'path', 'audio']}
Column names after batch preperation: 
 {'test': ['input_values', 'labels']}
results column names:: 
 ['pred_str', 'text']
Test WER: 0.340
base_5e5/checkpoint-800 test_other MyST10h_4gram.arpa

####DATA PREPERATION####


####EVALUATION OF THE FINETUNED MODEL STARTED####

['H', 'O', '|', 'L', 'B', 'D', 'W', 'E', 'I', 'X', 'G', 'Y', 'S', 'P', 'Q', 'A', 'M', 'T', 'Z', "'", 'V', 'U', 'N', 'J', 'R', 'F', 'C', 'K', '<s>', '</s>', '<unk>', '<pad>']
Initial column names: 
 {'test': ['text', 'path', 'audio']}
Column names after batch preperation: 
 {'test': ['input_values', 'labels']}
results column names:: 
 ['pred_str', 'text']
Test WER: 0.322
base_5e5/checkpoint-800 test_other MyST_full_4gram.arpa

####DATA PREPERATION####


####EVALUATION OF THE FINETUNED MODEL STARTED####

['H', 'O', '|', 'L', 'B', 'D', 'W', 'E', 'I', 'X', 'G', 'Y', 'S', 'P', 'Q', 'A', 'M', 'T', 'Z', "'", 'V', 'U', 'N', 'J', 'R', 'F', 'C', 'K', '<s>', '</s>', '<unk>', '<pad>']
Initial column names: 
 {'test': ['text', 'path', 'audio']}
Column names after batch preperation: 
 {'test': ['input_values', 'labels']}
results column names:: 
 ['pred_str', 'text']
Test WER: 0.245
base_5e5/checkpoint-800 dev_clean MyST10h_4gram.arpa

####DATA PREPERATION####


####EVALUATION OF THE FINETUNED MODEL STARTED####

['H', 'O', '|', 'L', 'B', 'D', 'W', 'E', 'I', 'X', 'G', 'Y', 'S', 'P', 'Q', 'A', 'M', 'T', 'Z', "'", 'V', 'U', 'N', 'J', 'R', 'F', 'C', 'K', '<s>', '</s>', '<unk>', '<pad>']
Initial column names: 
 {'test': ['text', 'path', 'audio']}
Column names after batch preperation: 
 {'test': ['input_values', 'labels']}
results column names:: 
 ['pred_str', 'text']
Test WER: 0.223
base_5e5/checkpoint-800 dev_clean MyST_full_4gram.arpa

####DATA PREPERATION####


####EVALUATION OF THE FINETUNED MODEL STARTED####

['H', 'O', '|', 'L', 'B', 'D', 'W', 'E', 'I', 'X', 'G', 'Y', 'S', 'P', 'Q', 'A', 'M', 'T', 'Z', "'", 'V', 'U', 'N', 'J', 'R', 'F', 'C', 'K', '<s>', '</s>', '<unk>', '<pad>']
Initial column names: 
 {'test': ['text', 'path', 'audio']}
Column names after batch preperation: 
 {'test': ['input_values', 'labels']}
