
####DATA PREPERATION####


####EVALUATION OF THE FINETUNED MODEL STARTED####

['Q', 'I', 'S', 'K', 'L', 'P', 'Z', 'D', 'F', 'R', 'Y', '|', 'W', 'T', 'N', 'E', 'H', 'C', 'U', 'B', 'O', "'", 'J', 'A', 'M', 'V', 'G', 'X', '<s>', '</s>', '<unk>', '<pad>']
Initial column names: 
 {'test': ['text', 'path', 'audio']}
Column names after batch preperation: 
 {'test': ['input_values', 'labels']}
results column names:: 
 ['pred_str', 'text']
Test WER: 0.119
large_3e5/checkpoint-10000 test_clean libri_full_4gram.arpa.gz

####DATA PREPERATION####


####EVALUATION OF THE FINETUNED MODEL STARTED####

['Q', 'I', 'S', 'K', 'L', 'P', 'Z', 'D', 'F', 'R', 'Y', '|', 'W', 'T', 'N', 'E', 'H', 'C', 'U', 'B', 'O', "'", 'J', 'A', 'M', 'V', 'G', 'X', '<s>', '</s>', '<unk>', '<pad>']
Initial column names: 
 {'test': ['text', 'path', 'audio']}
Column names after batch preperation: 
 {'test': ['input_values', 'labels']}
results column names:: 
 ['pred_str', 'text']
Test WER: 0.126
large_3e5/checkpoint-10000 test_clean libri10h_4gram.arpa

####DATA PREPERATION####


####EVALUATION OF THE FINETUNED MODEL STARTED####

['Q', 'I', 'S', 'K', 'L', 'P', 'Z', 'D', 'F', 'R', 'Y', '|', 'W', 'T', 'N', 'E', 'H', 'C', 'U', 'B', 'O', "'", 'J', 'A', 'M', 'V', 'G', 'X', '<s>', '</s>', '<unk>', '<pad>']
Initial column names: 
 {'test': ['text', 'path', 'audio']}
Column names after batch preperation: 
 {'test': ['input_values', 'labels']}
results column names:: 
 ['pred_str', 'text']
Test WER: 0.171
large_3e5/checkpoint-10000 test_other libri_full_4gram.arpa.gz

####DATA PREPERATION####


####EVALUATION OF THE FINETUNED MODEL STARTED####

['Q', 'I', 'S', 'K', 'L', 'P', 'Z', 'D', 'F', 'R', 'Y', '|', 'W', 'T', 'N', 'E', 'H', 'C', 'U', 'B', 'O', "'", 'J', 'A', 'M', 'V', 'G', 'X', '<s>', '</s>', '<unk>', '<pad>']
Initial column names: 
 {'test': ['text', 'path', 'audio']}
Column names after batch preperation: 
 {'test': ['input_values', 'labels']}
results column names:: 
 ['pred_str', 'text']
Test WER: 0.177
large_3e5/checkpoint-10000 test_other libri10h_4gram.arpa

####DATA PREPERATION####


####EVALUATION OF THE FINETUNED MODEL STARTED####

['Q', 'I', 'S', 'K', 'L', 'P', 'Z', 'D', 'F', 'R', 'Y', '|', 'W', 'T', 'N', 'E', 'H', 'C', 'U', 'B', 'O', "'", 'J', 'A', 'M', 'V', 'G', 'X', '<s>', '</s>', '<unk>', '<pad>']
Initial column names: 
 {'test': ['text', 'path', 'audio']}
Column names after batch preperation: 
 {'test': ['input_values', 'labels']}
results column names:: 
 ['pred_str', 'text']
Test WER: 0.119
large_3e5/checkpoint-10000 dev_clean libri_full_4gram.arpa.gz

####DATA PREPERATION####


####EVALUATION OF THE FINETUNED MODEL STARTED####

['Q', 'I', 'S', 'K', 'L', 'P', 'Z', 'D', 'F', 'R', 'Y', '|', 'W', 'T', 'N', 'E', 'H', 'C', 'U', 'B', 'O', "'", 'J', 'A', 'M', 'V', 'G', 'X', '<s>', '</s>', '<unk>', '<pad>']
Initial column names: 
 {'test': ['text', 'path', 'audio']}
Column names after batch preperation: 
 {'test': ['input_values', 'labels']}
results column names:: 
 ['pred_str', 'text']
Test WER: 0.125
large_3e5/checkpoint-10000 dev_clean libri10h_4gram.arpa

####DATA PREPERATION####


####EVALUATION OF THE FINETUNED MODEL STARTED####

['Q', 'I', 'S', 'K', 'L', 'P', 'Z', 'D', 'F', 'R', 'Y', '|', 'W', 'T', 'N', 'E', 'H', 'C', 'U', 'B', 'O', "'", 'J', 'A', 'M', 'V', 'G', 'X', '<s>', '</s>', '<unk>', '<pad>']
Initial column names: 
 {'test': ['text', 'path', 'audio']}
Column names after batch preperation: 
 {'test': ['input_values', 'labels']}
results column names:: 
 ['pred_str', 'text']
Test WER: 0.173
large_3e5/checkpoint-10000 dev_other libri_full_4gram.arpa.gz

####DATA PREPERATION####


####EVALUATION OF THE FINETUNED MODEL STARTED####

['Q', 'I', 'S', 'K', 'L', 'P', 'Z', 'D', 'F', 'R', 'Y', '|', 'W', 'T', 'N', 'E', 'H', 'C', 'U', 'B', 'O', "'", 'J', 'A', 'M', 'V', 'G', 'X', '<s>', '</s>', '<unk>', '<pad>']
Initial column names: 
 {'test': ['text', 'path', 'audio']}
Column names after batch preperation: 
 {'test': ['input_values', 'labels']}
results column names:: 
 ['pred_str', 'text']
Test WER: 0.178
large_3e5/checkpoint-10000 dev_other libri10h_4gram.arpa

####DATA PREPERATION####


####EVALUATION OF THE FINETUNED MODEL STARTED####

['E', 'O', 'K', 'H', 'G', 'Y', 'B', 'Q', 'M', 'Z', 'P', 'T', 'I', 'A', 'V', 'L', 'W', 'J', 'F', '|', 'R', 'N', 'S', 'X', "'", 'D', 'U', 'C', '<s>', '</s>', '<unk>', '<pad>']
Initial column names: 
 {'test': ['text', 'path', 'audio']}
Column names after batch preperation: 
 {'test': ['input_values', 'labels']}
results column names:: 
 ['pred_str', 'text']
Test WER: 0.124
large_5e5/checkpoint-10000 test_clean libri_full_4gram.arpa.gz

####DATA PREPERATION####


####EVALUATION OF THE FINETUNED MODEL STARTED####

['E', 'O', 'K', 'H', 'G', 'Y', 'B', 'Q', 'M', 'Z', 'P', 'T', 'I', 'A', 'V', 'L', 'W', 'J', 'F', '|', 'R', 'N', 'S', 'X', "'", 'D', 'U', 'C', '<s>', '</s>', '<unk>', '<pad>']
Initial column names: 
 {'test': ['text', 'path', 'audio']}
Column names after batch preperation: 
 {'test': ['input_values', 'labels']}
results column names:: 
 ['pred_str', 'text']
Test WER: 0.130
large_5e5/checkpoint-10000 test_clean libri10h_4gram.arpa

####DATA PREPERATION####


####EVALUATION OF THE FINETUNED MODEL STARTED####

['E', 'O', 'K', 'H', 'G', 'Y', 'B', 'Q', 'M', 'Z', 'P', 'T', 'I', 'A', 'V', 'L', 'W', 'J', 'F', '|', 'R', 'N', 'S', 'X', "'", 'D', 'U', 'C', '<s>', '</s>', '<unk>', '<pad>']
Initial column names: 
 {'test': ['text', 'path', 'audio']}
Column names after batch preperation: 
 {'test': ['input_values', 'labels']}
results column names:: 
 ['pred_str', 'text']
Test WER: 0.181
large_5e5/checkpoint-10000 test_other libri_full_4gram.arpa.gz

####DATA PREPERATION####


####EVALUATION OF THE FINETUNED MODEL STARTED####

['E', 'O', 'K', 'H', 'G', 'Y', 'B', 'Q', 'M', 'Z', 'P', 'T', 'I', 'A', 'V', 'L', 'W', 'J', 'F', '|', 'R', 'N', 'S', 'X', "'", 'D', 'U', 'C', '<s>', '</s>', '<unk>', '<pad>']
Initial column names: 
 {'test': ['text', 'path', 'audio']}
Column names after batch preperation: 
 {'test': ['input_values', 'labels']}
results column names:: 
 ['pred_str', 'text']
Test WER: 0.186
large_5e5/checkpoint-10000 test_other libri10h_4gram.arpa

####DATA PREPERATION####


####EVALUATION OF THE FINETUNED MODEL STARTED####

['E', 'O', 'K', 'H', 'G', 'Y', 'B', 'Q', 'M', 'Z', 'P', 'T', 'I', 'A', 'V', 'L', 'W', 'J', 'F', '|', 'R', 'N', 'S', 'X', "'", 'D', 'U', 'C', '<s>', '</s>', '<unk>', '<pad>']
Initial column names: 
 {'test': ['text', 'path', 'audio']}
Column names after batch preperation: 
 {'test': ['input_values', 'labels']}
results column names:: 
 ['pred_str', 'text']
Test WER: 0.124
large_5e5/checkpoint-10000 dev_clean libri_full_4gram.arpa.gz

####DATA PREPERATION####


####EVALUATION OF THE FINETUNED MODEL STARTED####

['E', 'O', 'K', 'H', 'G', 'Y', 'B', 'Q', 'M', 'Z', 'P', 'T', 'I', 'A', 'V', 'L', 'W', 'J', 'F', '|', 'R', 'N', 'S', 'X', "'", 'D', 'U', 'C', '<s>', '</s>', '<unk>', '<pad>']
Initial column names: 
 {'test': ['text', 'path', 'audio']}
Column names after batch preperation: 
 {'test': ['input_values', 'labels']}
results column names:: 
 ['pred_str', 'text']
Test WER: 0.129
large_5e5/checkpoint-10000 dev_clean libri10h_4gram.arpa

####DATA PREPERATION####


####EVALUATION OF THE FINETUNED MODEL STARTED####

['E', 'O', 'K', 'H', 'G', 'Y', 'B', 'Q', 'M', 'Z', 'P', 'T', 'I', 'A', 'V', 'L', 'W', 'J', 'F', '|', 'R', 'N', 'S', 'X', "'", 'D', 'U', 'C', '<s>', '</s>', '<unk>', '<pad>']
Initial column names: 
 {'test': ['text', 'path', 'audio']}
Column names after batch preperation: 
 {'test': ['input_values', 'labels']}
results column names:: 
 ['pred_str', 'text']
Test WER: 0.179
large_5e5/checkpoint-10000 dev_other libri_full_4gram.arpa.gz

####DATA PREPERATION####


####EVALUATION OF THE FINETUNED MODEL STARTED####

['E', 'O', 'K', 'H', 'G', 'Y', 'B', 'Q', 'M', 'Z', 'P', 'T', 'I', 'A', 'V', 'L', 'W', 'J', 'F', '|', 'R', 'N', 'S', 'X', "'", 'D', 'U', 'C', '<s>', '</s>', '<unk>', '<pad>']
Initial column names: 
 {'test': ['text', 'path', 'audio']}
Column names after batch preperation: 
 {'test': ['input_values', 'labels']}
results column names:: 
 ['pred_str', 'text']
Test WER: 0.184
large_5e5/checkpoint-10000 dev_other libri10h_4gram.arpa

####DATA PREPERATION####


####EVALUATION OF THE FINETUNED MODEL STARTED####

['Q', 'I', 'S', 'K', 'L', 'P', 'Z', 'D', 'F', 'R', 'Y', '|', 'W', 'T', 'N', 'E', 'H', 'C', 'U', 'B', 'O', "'", 'J', 'A', 'M', 'V', 'G', 'X', '<s>', '</s>', '<unk>', '<pad>']
Initial column names: 
 {'test': ['text', 'path', 'audio']}
Column names after batch preperation: 
 {'test': ['input_values', 'labels']}
results column names:: 
 ['pred_str', 'text']
Test WER: 0.119
large_3e5/checkpoint-1400 test_clean libri_full_4gram.arpa.gz

####DATA PREPERATION####


####EVALUATION OF THE FINETUNED MODEL STARTED####

['Q', 'I', 'S', 'K', 'L', 'P', 'Z', 'D', 'F', 'R', 'Y', '|', 'W', 'T', 'N', 'E', 'H', 'C', 'U', 'B', 'O', "'", 'J', 'A', 'M', 'V', 'G', 'X', '<s>', '</s>', '<unk>', '<pad>']
Initial column names: 
 {'test': ['text', 'path', 'audio']}
Column names after batch preperation: 
 {'test': ['input_values', 'labels']}
results column names:: 
 ['pred_str', 'text']
Test WER: 0.136
large_3e5/checkpoint-1400 test_clean libri10h_4gram.arpa

####DATA PREPERATION####


####EVALUATION OF THE FINETUNED MODEL STARTED####

['Q', 'I', 'S', 'K', 'L', 'P', 'Z', 'D', 'F', 'R', 'Y', '|', 'W', 'T', 'N', 'E', 'H', 'C', 'U', 'B', 'O', "'", 'J', 'A', 'M', 'V', 'G', 'X', '<s>', '</s>', '<unk>', '<pad>']
Initial column names: 
 {'test': ['text', 'path', 'audio']}
Column names after batch preperation: 
 {'test': ['input_values', 'labels']}
results column names:: 
 ['pred_str', 'text']
Test WER: 0.173
large_3e5/checkpoint-1400 test_other libri_full_4gram.arpa.gz

####DATA PREPERATION####


####EVALUATION OF THE FINETUNED MODEL STARTED####

['Q', 'I', 'S', 'K', 'L', 'P', 'Z', 'D', 'F', 'R', 'Y', '|', 'W', 'T', 'N', 'E', 'H', 'C', 'U', 'B', 'O', "'", 'J', 'A', 'M', 'V', 'G', 'X', '<s>', '</s>', '<unk>', '<pad>']
Initial column names: 
 {'test': ['text', 'path', 'audio']}
Column names after batch preperation: 
 {'test': ['input_values', 'labels']}
results column names:: 
 ['pred_str', 'text']
Test WER: 0.188
large_3e5/checkpoint-1400 test_other libri10h_4gram.arpa

####DATA PREPERATION####


####EVALUATION OF THE FINETUNED MODEL STARTED####

['Q', 'I', 'S', 'K', 'L', 'P', 'Z', 'D', 'F', 'R', 'Y', '|', 'W', 'T', 'N', 'E', 'H', 'C', 'U', 'B', 'O', "'", 'J', 'A', 'M', 'V', 'G', 'X', '<s>', '</s>', '<unk>', '<pad>']
Initial column names: 
 {'test': ['text', 'path', 'audio']}
Column names after batch preperation: 
 {'test': ['input_values', 'labels']}
results column names:: 
 ['pred_str', 'text']
Test WER: 0.118
large_3e5/checkpoint-1400 dev_clean libri_full_4gram.arpa.gz

####DATA PREPERATION####


####EVALUATION OF THE FINETUNED MODEL STARTED####

['Q', 'I', 'S', 'K', 'L', 'P', 'Z', 'D', 'F', 'R', 'Y', '|', 'W', 'T', 'N', 'E', 'H', 'C', 'U', 'B', 'O', "'", 'J', 'A', 'M', 'V', 'G', 'X', '<s>', '</s>', '<unk>', '<pad>']
Initial column names: 
 {'test': ['text', 'path', 'audio']}
Column names after batch preperation: 
 {'test': ['input_values', 'labels']}
results column names:: 
 ['pred_str', 'text']
Test WER: 0.134
large_3e5/checkpoint-1400 dev_clean libri10h_4gram.arpa

####DATA PREPERATION####


####EVALUATION OF THE FINETUNED MODEL STARTED####

['Q', 'I', 'S', 'K', 'L', 'P', 'Z', 'D', 'F', 'R', 'Y', '|', 'W', 'T', 'N', 'E', 'H', 'C', 'U', 'B', 'O', "'", 'J', 'A', 'M', 'V', 'G', 'X', '<s>', '</s>', '<unk>', '<pad>']
Initial column names: 
 {'test': ['text', 'path', 'audio']}
Column names after batch preperation: 
 {'test': ['input_values', 'labels']}
results column names:: 
 ['pred_str', 'text']
Test WER: 0.170
large_3e5/checkpoint-1400 dev_other libri_full_4gram.arpa.gz

####DATA PREPERATION####


####EVALUATION OF THE FINETUNED MODEL STARTED####

['Q', 'I', 'S', 'K', 'L', 'P', 'Z', 'D', 'F', 'R', 'Y', '|', 'W', 'T', 'N', 'E', 'H', 'C', 'U', 'B', 'O', "'", 'J', 'A', 'M', 'V', 'G', 'X', '<s>', '</s>', '<unk>', '<pad>']
Initial column names: 
 {'test': ['text', 'path', 'audio']}
Column names after batch preperation: 
 {'test': ['input_values', 'labels']}
results column names:: 
 ['pred_str', 'text']
Test WER: 0.183
large_3e5/checkpoint-1400 dev_other libri10h_4gram.arpa
