
####DATA PREPERATION####


####EVALUATION OF THE FINETUNED MODEL STARTED####

Initial column names: 
 {'test': ['text', 'path', 'audio']}
Column names after batch preperation: 
 {'test': ['input_values', 'labels']}
results column names:: 
 ['pred_str', 'text']
Test WER: 0.143

####DATA PREPERATION####


####EVALUATION OF THE FINETUNED MODEL STARTED####

Initial column names: 
 {'test': ['text', 'path', 'audio']}
Column names after batch preperation: 
 {'test': ['input_values', 'labels']}
results column names:: 
 ['pred_str', 'text']
Test WER: 0.199

####DATA PREPERATION####


####EVALUATION OF THE FINETUNED MODEL STARTED####

Initial column names: 
 {'test': ['text', 'path', 'audio']}
Column names after batch preperation: 
 {'test': ['input_values', 'labels']}
results column names:: 
 ['pred_str', 'text']
Test WER: 0.142

####DATA PREPERATION####


####EVALUATION OF THE FINETUNED MODEL STARTED####

Initial column names: 
 {'test': ['text', 'path', 'audio']}
Column names after batch preperation: 
 {'test': ['input_values', 'labels']}
results column names:: 
 ['pred_str', 'text']
Test WER: 0.200

####DATA PREPERATION####


####EVALUATION OF THE FINETUNED MODEL STARTED####

Initial column names: 
 {'test': ['text', 'path', 'audio']}
Column names after batch preperation: 
 {'test': ['input_values', 'labels']}
results column names:: 
 ['pred_str', 'text']
Test WER: 0.147

####DATA PREPERATION####


####EVALUATION OF THE FINETUNED MODEL STARTED####

Initial column names: 
 {'test': ['text', 'path', 'audio']}
Column names after batch preperation: 
 {'test': ['input_values', 'labels']}
results column names:: 
 ['pred_str', 'text']
Test WER: 0.208

####DATA PREPERATION####


####EVALUATION OF THE FINETUNED MODEL STARTED####

Initial column names: 
 {'test': ['text', 'path', 'audio']}
Column names after batch preperation: 
 {'test': ['input_values', 'labels']}
results column names:: 
 ['pred_str', 'text']
Test WER: 0.147

####DATA PREPERATION####


####EVALUATION OF THE FINETUNED MODEL STARTED####

Initial column names: 
 {'test': ['text', 'path', 'audio']}
Column names after batch preperation: 
 {'test': ['input_values', 'labels']}
results column names:: 
 ['pred_str', 'text']
Test WER: 0.207

####DATA PREPERATION####


####EVALUATION OF THE FINETUNED MODEL STARTED####

Initial column names: 
 {'test': ['text', 'path', 'audio']}
Column names after batch preperation: 
 {'test': ['input_values', 'labels']}
results column names:: 
 ['pred_str', 'text']
Test WER: 0.149

####DATA PREPERATION####


####EVALUATION OF THE FINETUNED MODEL STARTED####

Initial column names: 
 {'test': ['text', 'path', 'audio']}
Column names after batch preperation: 
 {'test': ['input_values', 'labels']}
results column names:: 
 ['pred_str', 'text']
Test WER: 0.217

####DATA PREPERATION####


####EVALUATION OF THE FINETUNED MODEL STARTED####

Initial column names: 
 {'test': ['text', 'path', 'audio']}
Column names after batch preperation: 
 {'test': ['input_values', 'labels']}
results column names:: 
 ['pred_str', 'text']
Test WER: 0.146

####DATA PREPERATION####


####EVALUATION OF THE FINETUNED MODEL STARTED####

Initial column names: 
 {'test': ['text', 'path', 'audio']}
Column names after batch preperation: 
 {'test': ['input_values', 'labels']}
results column names:: 
 ['pred_str', 'text']
Test WER: 0.215

####DATA PREPERATION####


####EVALUATION OF THE FINETUNED MODEL STARTED####

Initial column names: 
 {'test': ['text', 'path', 'audio']}
Column names after batch preperation: 
 {'test': ['input_values', 'labels']}
results column names:: 
 ['pred_str', 'text']
Test WER: 0.222

####DATA PREPERATION####


####EVALUATION OF THE FINETUNED MODEL STARTED####

Initial column names: 
 {'test': ['text', 'path', 'audio']}
Column names after batch preperation: 
 {'test': ['input_values', 'labels']}
results column names:: 
 ['pred_str', 'text']
Test WER: 0.273

####DATA PREPERATION####


####EVALUATION OF THE FINETUNED MODEL STARTED####

Initial column names: 
 {'test': ['text', 'path', 'audio']}
Column names after batch preperation: 
 {'test': ['input_values', 'labels']}
results column names:: 
 ['pred_str', 'text']
Test WER: 0.223

####DATA PREPERATION####


####EVALUATION OF THE FINETUNED MODEL STARTED####

Initial column names: 
 {'test': ['text', 'path', 'audio']}
Column names after batch preperation: 
 {'test': ['input_values', 'labels']}
results column names:: 
 ['pred_str', 'text']
Test WER: 0.268

####DATA PREPERATION####


####EVALUATION OF THE FINETUNED MODEL STARTED####

Initial column names: 
 {'test': ['text', 'path', 'audio']}
Column names after batch preperation: 
 {'test': ['input_values', 'labels']}
results column names:: 
 ['pred_str', 'text']
Test WER: 0.242

####DATA PREPERATION####


####EVALUATION OF THE FINETUNED MODEL STARTED####

Initial column names: 
 {'test': ['text', 'path', 'audio']}
Column names after batch preperation: 
 {'test': ['input_values', 'labels']}
results column names:: 
 ['pred_str', 'text']
Test WER: 0.304
large_5e5/checkpoint-1200 test_other

####DATA PREPERATION####


####EVALUATION OF THE FINETUNED MODEL STARTED####

Initial column names: 
 {'test': ['text', 'path', 'audio']}
Column names after batch preperation: 
 {'test': ['input_values', 'labels']}
results column names:: 
 ['pred_str', 'text']
Test WER: 0.242
large_5e5/checkpoint-1200 dev_clean

####DATA PREPERATION####


####EVALUATION OF THE FINETUNED MODEL STARTED####

Initial column names: 
 {'test': ['text', 'path', 'audio']}
Column names after batch preperation: 
 {'test': ['input_values', 'labels']}
results column names:: 
 ['pred_str', 'text']
Test WER: 0.301
large_5e5/checkpoint-1200 dev_other

####DATA PREPERATION####


####EVALUATION OF THE FINETUNED MODEL STARTED####

Initial column names: 
 {'test': ['text', 'path', 'audio']}
Column names after batch preperation: 
 {'test': ['input_values', 'labels']}
results column names:: 
 ['pred_str', 'text']
Test WER: 0.245
large_7e5/checkpoint-1000 test_clean

####DATA PREPERATION####


####EVALUATION OF THE FINETUNED MODEL STARTED####

Initial column names: 
 {'test': ['text', 'path', 'audio']}
Column names after batch preperation: 
 {'test': ['input_values', 'labels']}
results column names:: 
 ['pred_str', 'text']
Test WER: 0.301
large_7e5/checkpoint-1000 test_other

####DATA PREPERATION####


####EVALUATION OF THE FINETUNED MODEL STARTED####

Initial column names: 
 {'test': ['text', 'path', 'audio']}
Column names after batch preperation: 
 {'test': ['input_values', 'labels']}
results column names:: 
 ['pred_str', 'text']
Test WER: 0.243
large_7e5/checkpoint-1000 dev_clean

####DATA PREPERATION####


####EVALUATION OF THE FINETUNED MODEL STARTED####

Initial column names: 
 {'test': ['text', 'path', 'audio']}
Column names after batch preperation: 
 {'test': ['input_values', 'labels']}
results column names:: 
 ['pred_str', 'text']
Test WER: 0.299
large_7e5/checkpoint-1000 dev_other
