
####DATA PREPERATION####


####EVALUATION OF THE FINETUNED MODEL STARTED####

['R', 'V', 'T', 'J', 'Z', 'D', 'Q', "'", 'N', 'U', 'B', '<', 'W', 'Y', 'S', '-', 'F', 'L', 'K', '|', 'A', 'X', 'G', 'P', 'I', 'C', 'E', 'H', 'O', 'M', '<s>', '</s>', '<unk>', '<pad>']
Initial column names: 
 {'test': ['text', 'path', 'audio']}
Column names after batch preperation: 
 {'test': ['input_values', 'labels']}
results column names:: 
 ['pred_str', 'text']
Test WER: 0.304
large_5e5/checkpoint-10000 test libri_full_4gram.arpa.gz

####DATA PREPERATION####


####EVALUATION OF THE FINETUNED MODEL STARTED####

['R', 'V', 'T', 'J', 'Z', 'D', 'Q', "'", 'N', 'U', 'B', '<', 'W', 'Y', 'S', '-', 'F', 'L', 'K', '|', 'A', 'X', 'G', 'P', 'I', 'C', 'E', 'H', 'O', 'M', '<s>', '</s>', '<unk>', '<pad>']
Initial column names: 
 {'test': ['text', 'path', 'audio']}
Column names after batch preperation: 
 {'test': ['input_values', 'labels']}
results column names:: 
 ['pred_str', 'text']
Test WER: 0.306
large_5e5/checkpoint-10000 test libri10h_4gram.arpa

####DATA PREPERATION####


####EVALUATION OF THE FINETUNED MODEL STARTED####

['R', 'V', 'T', 'J', 'Z', 'D', 'Q', "'", 'N', 'U', 'B', '<', 'W', 'Y', 'S', '-', 'F', 'L', 'K', '|', 'A', 'X', 'G', 'P', 'I', 'C', 'E', 'H', 'O', 'M', '<s>', '</s>', '<unk>', '<pad>']
Initial column names: 
 {'test': ['text', 'path', 'audio']}
Column names after batch preperation: 
 {'test': ['input_values', 'labels']}
results column names:: 
 ['pred_str', 'text']
Test WER: 0.298
large_5e5/checkpoint-10000 test MyST10h_4gram.arpa

####DATA PREPERATION####


####EVALUATION OF THE FINETUNED MODEL STARTED####

['R', 'V', 'T', 'J', 'Z', 'D', 'Q', "'", 'N', 'U', 'B', '<', 'W', 'Y', 'S', '-', 'F', 'L', 'K', '|', 'A', 'X', 'G', 'P', 'I', 'C', 'E', 'H', 'O', 'M', '<s>', '</s>', '<unk>', '<pad>']
Initial column names: 
 {'test': ['text', 'path', 'audio']}
Column names after batch preperation: 
 {'test': ['input_values', 'labels']}
results column names:: 
 ['pred_str', 'text']
Test WER: 0.297
large_5e5/checkpoint-10000 test MyST_full_4gram.arpa

####DATA PREPERATION####


####EVALUATION OF THE FINETUNED MODEL STARTED####

['R', 'V', 'T', 'J', 'Z', 'D', 'Q', "'", 'N', 'U', 'B', '<', 'W', 'Y', 'S', '-', 'F', 'L', 'K', '|', 'A', 'X', 'G', 'P', 'I', 'C', 'E', 'H', 'O', 'M', '<s>', '</s>', '<unk>', '<pad>']
Initial column names: 
 {'test': ['text', 'path', 'audio']}
Column names after batch preperation: 
 {'test': ['input_values', 'labels']}
results column names:: 
 ['pred_str', 'text']
Test WER: 0.298
large_5e5/checkpoint-10000 dev libri_full_4gram.arpa.gz

####DATA PREPERATION####


####EVALUATION OF THE FINETUNED MODEL STARTED####

['R', 'V', 'T', 'J', 'Z', 'D', 'Q', "'", 'N', 'U', 'B', '<', 'W', 'Y', 'S', '-', 'F', 'L', 'K', '|', 'A', 'X', 'G', 'P', 'I', 'C', 'E', 'H', 'O', 'M', '<s>', '</s>', '<unk>', '<pad>']
Initial column names: 
 {'test': ['text', 'path', 'audio']}
Column names after batch preperation: 
 {'test': ['input_values', 'labels']}
results column names:: 
 ['pred_str', 'text']
Test WER: 0.301
large_5e5/checkpoint-10000 dev libri10h_4gram.arpa

####DATA PREPERATION####


####EVALUATION OF THE FINETUNED MODEL STARTED####

['R', 'V', 'T', 'J', 'Z', 'D', 'Q', "'", 'N', 'U', 'B', '<', 'W', 'Y', 'S', '-', 'F', 'L', 'K', '|', 'A', 'X', 'G', 'P', 'I', 'C', 'E', 'H', 'O', 'M', '<s>', '</s>', '<unk>', '<pad>']
Initial column names: 
 {'test': ['text', 'path', 'audio']}
Column names after batch preperation: 
 {'test': ['input_values', 'labels']}
results column names:: 
 ['pred_str', 'text']
Test WER: 0.294
large_5e5/checkpoint-10000 dev MyST10h_4gram.arpa

####DATA PREPERATION####


####EVALUATION OF THE FINETUNED MODEL STARTED####

['R', 'V', 'T', 'J', 'Z', 'D', 'Q', "'", 'N', 'U', 'B', '<', 'W', 'Y', 'S', '-', 'F', 'L', 'K', '|', 'A', 'X', 'G', 'P', 'I', 'C', 'E', 'H', 'O', 'M', '<s>', '</s>', '<unk>', '<pad>']
Initial column names: 
 {'test': ['text', 'path', 'audio']}
Column names after batch preperation: 
 {'test': ['input_values', 'labels']}
results column names:: 
 ['pred_str', 'text']
Test WER: 0.292
large_5e5/checkpoint-10000 dev MyST_full_4gram.arpa
